<?xml version="1.0" encoding="UTF-8"?>
<!-- Generated by org.testng.reporters.JUnitReportReporter -->
<testsuite hostname="DESKTOP-M6C04JT" failures="0" tests="1" name="testClass.TestClass2" time="2.248" errors="0" timestamp="2023-06-06T15:26:05 IST" skipped="0">
  <testcase classname="testClass.TestClass2" name="test" time="2.248"/>
  <system-out/>
</testsuite> <!-- testClass.TestClass2 -->
