<?xml version="1.0" encoding="UTF-8"?>
<!-- Generated by org.testng.reporters.JUnitReportReporter -->
<testsuite hostname="DESKTOP-M6C04JT" failures="0" tests="1" name="testClass.TestClass1" time="2.093" errors="0" timestamp="2023-06-06T15:26:05 IST" skipped="0">
  <testcase classname="testClass.TestClass1" name="test1" time="2.093"/>
  <system-out/>
</testsuite> <!-- testClass.TestClass1 -->
